La génération a démarré 27/02/2014 09:02:12.
     1>Projet "E:\IIA\C - C++\Projet\Puissance4\Puissance4\Puissance4.vcxproj" sur le nœud 2 (Build cible(s)).
     1>ClCompile:
         C:\Program Files (x86)\Microsoft Visual Studio 11.0\VC\bin\CL.exe /c /ZI /nologo /W3 /WX- /Od /Oy- /D WIN32 /D _DEBUG /D _CONSOLE /D _UNICODE /D UNICODE /Gm /EHsc /RTC1 /MDd /GS /fp:precise /Zc:wchar_t /Zc:forScope /Fo"Debug\\" /Fd"Debug\vc110.pdb" /Gd /TC /analyze- /errorReport:prompt Fonction_Puissance4.c Main.c
         Main.c
     1>e:\iia\c - c++\projet\puissance4\puissance4\main.c(31): warning C4996: 'scanf': This function or variable may be unsafe. Consider using scanf_s instead. To disable deprecation, use _CRT_SECURE_NO_WARNINGS. See online help for details.
                 c:\program files (x86)\microsoft visual studio 11.0\vc\include\stdio.h(290) : voir la déclaration de 'scanf'
     1>e:\iia\c - c++\projet\puissance4\puissance4\main.c(40): warning C4996: 'scanf': This function or variable may be unsafe. Consider using scanf_s instead. To disable deprecation, use _CRT_SECURE_NO_WARNINGS. See online help for details.
                 c:\program files (x86)\microsoft visual studio 11.0\vc\include\stdio.h(290) : voir la déclaration de 'scanf'
     1>e:\iia\c - c++\projet\puissance4\puissance4\main.c(43): warning C4047: 'fonction' : les niveaux d'indirection de 'char **' et de 'char *(*)[7][6]' sont différents
     1>e:\iia\c - c++\projet\puissance4\puissance4\main.c(43): warning C4024: 'NouvellePartie' : types différents pour le paramètre formel et réel 2
         Fonction_Puissance4.c
     1>e:\iia\c - c++\projet\puissance4\puissance4\fonction_puissance4.c(31): warning C4996: 'scanf': This function or variable may be unsafe. Consider using scanf_s instead. To disable deprecation, use _CRT_SECURE_NO_WARNINGS. See online help for details.
                 c:\program files (x86)\microsoft visual studio 11.0\vc\include\stdio.h(290) : voir la déclaration de 'scanf'
     1>e:\iia\c - c++\projet\puissance4\puissance4\fonction_puissance4.c(38): warning C4996: 'scanf': This function or variable may be unsafe. Consider using scanf_s instead. To disable deprecation, use _CRT_SECURE_NO_WARNINGS. See online help for details.
                 c:\program files (x86)\microsoft visual studio 11.0\vc\include\stdio.h(290) : voir la déclaration de 'scanf'
         Génération de code en cours...
     1>e:\iia\c - c++\projet\puissance4\puissance4\fonction_puissance4.c(211): warning C4715: 'VerifCase' : les chemins de contrôle ne retournent pas tous une valeur
     1>e:\iia\c - c++\projet\puissance4\puissance4\fonction_puissance4.c(195): warning C4715: 'Condition' : les chemins de contrôle ne retournent pas tous une valeur
     1>e:\iia\c - c++\projet\puissance4\puissance4\fonction_puissance4.c(46): warning C4716: 'NouvellePartie' : doit retourner une valeur
       Link:
         C:\Program Files (x86)\Microsoft Visual Studio 11.0\VC\bin\link.exe /ERRORREPORT:PROMPT /OUT:"E:\IIA\C - C++\Projet\Puissance4\Debug\Puissance4.exe" /INCREMENTAL /NOLOGO kernel32.lib user32.lib gdi32.lib winspool.lib comdlg32.lib advapi32.lib shell32.lib ole32.lib oleaut32.lib uuid.lib odbc32.lib odbccp32.lib /MANIFEST /MANIFESTUAC:"level='asInvoker' uiAccess='false'" /manifest:embed /DEBUG /PDB:"E:\IIA\C - C++\Projet\Puissance4\Debug\Puissance4.pdb" /SUBSYSTEM:CONSOLE /TLBID:1 /DYNAMICBASE /NXCOMPAT /IMPLIB:"E:\IIA\C - C++\Projet\Puissance4\Debug\Puissance4.lib" /MACHINE:X86 Debug\Fonction_Puissance4.obj
         Debug\Main.obj
         Puissance4.vcxproj -> E:\IIA\C - C++\Projet\Puissance4\Debug\Puissance4.exe
     1>Génération du projet "E:\IIA\C - C++\Projet\Puissance4\Puissance4\Puissance4.vcxproj" terminée (Build cible(s)).

La génération a réussi.

Temps écoulé 00:00:13.39
